Using pre-set license
Built from '2020.3/staging' branch; Version is '2020.3.11f1 (99c7afb366b3) revision 10078127'; Using compiler version '192528614'; Build Type 'Release'
OS: 'Windows 10 Pro; OS build 19043.1055; Version 2009; 64bit' Language: 'es' Physical Memory: 16333 MB
BatchMode: 1, IsHumanControllingUs: 0, StartBugReporterOnCrash: 0, Is64bit: 1, IsPro: 0

 COMMAND LINE ARGUMENTS:
A:\Unity\Editor\2020.3.11f1\Editor\Unity.exe
-adb2
-batchMode
-noUpm
-name
AssetImportWorker0
-projectPath
A:/Unity Projects/PrimerJuego/PrimerJuegoQueHago
-logFile
Logs/AssetImportWorker0.log
-srvPort
59159
Successfully changed project path to: A:/Unity Projects/PrimerJuego/PrimerJuegoQueHago
A:/Unity Projects/PrimerJuego/PrimerJuegoQueHago
Using Asset Import Pipeline V2.
Refreshing native plugins compatible for Editor in 39.03 ms, found 2 plugins.
Preloading 0 native plugins for Editor in 0.00 ms.
Initialize engine version: 2020.3.11f1 (99c7afb366b3)
[Subsystems] Discovering subsystems at path A:/Unity/Editor/2020.3.11f1/Editor/Data/Resources/UnitySubsystems
[Subsystems] Discovering subsystems at path A:/Unity Projects/PrimerJuego/PrimerJuegoQueHago/Assets
GfxDevice: creating device client; threaded=0
Direct3D:
    Version:  Direct3D 11.0 [level 11.1]
    Renderer: AMD Radeon (TM) R7 370 Series (ID=0x6811)
    Vendor:   
    VRAM:     2027 MB
    Driver:   27.20.1034.6
Initialize mono
Mono path[0] = 'A:/Unity/Editor/2020.3.11f1/Editor/Data/Managed'
Mono path[1] = 'A:/Unity/Editor/2020.3.11f1/Editor/Data/MonoBleedingEdge/lib/mono/unityjit'
Mono config path = 'A:/Unity/Editor/2020.3.11f1/Editor/Data/MonoBleedingEdge/etc'
Using monoOptions --debugger-agent=transport=dt_socket,embedding=1,server=y,suspend=n,address=127.0.0.1:56376
Begin MonoManager ReloadAssembly
Registering precompiled unity dll's ...
Register platform support module: A:/Unity/Editor/2020.3.11f1/Editor/Data/PlaybackEngines/WebGLSupport/UnityEditor.WebGL.Extensions.dll
Register platform support module: A:/Unity/Editor/2020.3.11f1/Editor/Data/PlaybackEngines/WindowsStandaloneSupport/UnityEditor.WindowsStandalone.Extensions.dll
Registered in 0.001537 seconds.
Native extension for WindowsStandalone target not found
Native extension for WebGL target not found
Refreshing native plugins compatible for Editor in 39.85 ms, found 2 plugins.
Preloading 0 native plugins for Editor in 0.00 ms.
Mono: successfully reloaded assembly
- Completed reload, in  1.080 seconds
Platform modules already initialized, skipping
Registering precompiled user dll's ...
Registered in 0.003398 seconds.
Begin MonoManager ReloadAssembly
Native extension for WindowsStandalone target not found
Native extension for WebGL target not found
Refreshing native plugins compatible for Editor in 36.85 ms, found 2 plugins.
Preloading 0 native plugins for Editor in 0.00 ms.
Mono: successfully reloaded assembly
- Completed reload, in  1.245 seconds
Platform modules already initialized, skipping
========================================================================
Worker process is ready to serve import requests
Launched and connected shader compiler UnityShaderCompiler.exe after 0.07 seconds
Refreshing native plugins compatible for Editor in 0.39 ms, found 2 plugins.
Preloading 0 native plugins for Editor in 0.00 ms.
Unloading 1617 Unused Serialized files (Serialized files now loaded: 0)
System memory in use before: 98.9 MB.
System memory in use after: 98.6 MB.

Unloading 21 unused Assets to reduce memory usage. Loaded Objects now: 2079.
Total: 2.536000 ms (FindLiveObjects: 0.183100 ms CreateObjectMapping: 0.069100 ms MarkObjects: 1.874400 ms  DeleteObjects: 0.408000 ms)

========================================================================
Received Import Request.
  path: Assets/Assets.index
  artifactKey: Guid(4e1ab5ef86d984b4383dcb4d94688713) Importer(815301076,1909f56bfc062723c751e8b465ee728b)
Start importing Assets/Assets.index using Guid(4e1ab5ef86d984b4383dcb4d94688713) Importer(815301076,1909f56bfc062723c751e8b465ee728b)  -> (artifact id: 'acbacd0eaedc84e1a85bfa76f493e22f') in 0.095194 seconds
  Import took 0.098244 seconds .

========================================================================
Received Prepare
Registering precompiled user dll's ...
Registered in 0.003858 seconds.
Begin MonoManager ReloadAssembly
Native extension for WindowsStandalone target not found
Native extension for WebGL target not found
Refreshing native plugins compatible for Editor in 0.40 ms, found 2 plugins.
Preloading 0 native plugins for Editor in 0.00 ms.
Mono: successfully reloaded assembly
- Completed reload, in  1.204 seconds
Platform modules already initialized, skipping
Refreshing native plugins compatible for Editor in 0.37 ms, found 2 plugins.
Preloading 0 native plugins for Editor in 0.00 ms.
Unloading 1594 Unused Serialized files (Serialized files now loaded: 0)
System memory in use before: 97.0 MB.
System memory in use after: 96.7 MB.

Unloading 16 unused Assets to reduce memory usage. Loaded Objects now: 2082.
Total: 2.553000 ms (FindLiveObjects: 0.233300 ms CreateObjectMapping: 0.066200 ms MarkObjects: 1.811400 ms  DeleteObjects: 0.441200 ms)

========================================================================
Received Prepare
Registering precompiled user dll's ...
Registered in 0.003394 seconds.
Begin MonoManager ReloadAssembly
Native extension for WindowsStandalone target not found
Native extension for WebGL target not found
Refreshing native plugins compatible for Editor in 0.37 ms, found 2 plugins.
Preloading 0 native plugins for Editor in 0.00 ms.
Mono: successfully reloaded assembly
- Completed reload, in  1.020 seconds
Platform modules already initialized, skipping
Refreshing native plugins compatible for Editor in 0.38 ms, found 2 plugins.
Preloading 0 native plugins for Editor in 0.00 ms.
Unloading 1594 Unused Serialized files (Serialized files now loaded: 0)
System memory in use before: 97.0 MB.
System memory in use after: 96.7 MB.

Unloading 16 unused Assets to reduce memory usage. Loaded Objects now: 2085.
Total: 2.982800 ms (FindLiveObjects: 0.155300 ms CreateObjectMapping: 0.052400 ms MarkObjects: 2.264300 ms  DeleteObjects: 0.509700 ms)

========================================================================
Received Import Request.
  Time since last request: 179.054917 seconds.
  path: Assets/Assets.index
  artifactKey: Guid(4e1ab5ef86d984b4383dcb4d94688713) Importer(815301076,1909f56bfc062723c751e8b465ee728b)
Start importing Assets/Assets.index using Guid(4e1ab5ef86d984b4383dcb4d94688713) Importer(815301076,1909f56bfc062723c751e8b465ee728b)  -> (artifact id: '7cedd2f72df4ff94ab17414f00baa4fb') in 0.041130 seconds
  Import took 0.044199 seconds .

========================================================================
Received Import Request.
  Time since last request: 17.461722 seconds.
  path: Assets/Assets.index
  artifactKey: Guid(4e1ab5ef86d984b4383dcb4d94688713) Importer(815301076,1909f56bfc062723c751e8b465ee728b)
Start importing Assets/Assets.index using Guid(4e1ab5ef86d984b4383dcb4d94688713) Importer(815301076,1909f56bfc062723c751e8b465ee728b)  -> (artifact id: 'a7e4049f4de854c3abae26bcc0a56647') in 0.007544 seconds
  Import took 0.019146 seconds .

========================================================================
Received Prepare
Registering precompiled user dll's ...
Registered in 0.004405 seconds.
Begin MonoManager ReloadAssembly
Native extension for WindowsStandalone target not found
Native extension for WebGL target not found
Refreshing native plugins compatible for Editor in 0.40 ms, found 2 plugins.
Preloading 0 native plugins for Editor in 0.00 ms.
Mono: successfully reloaded assembly
- Completed reload, in  1.100 seconds
Platform modules already initialized, skipping
Refreshing native plugins compatible for Editor in 0.37 ms, found 2 plugins.
Preloading 0 native plugins for Editor in 0.00 ms.
Unloading 1594 Unused Serialized files (Serialized files now loaded: 0)
System memory in use before: 97.1 MB.
System memory in use after: 96.8 MB.

Unloading 16 unused Assets to reduce memory usage. Loaded Objects now: 2088.
Total: 2.706200 ms (FindLiveObjects: 0.173500 ms CreateObjectMapping: 0.055000 ms MarkObjects: 1.908400 ms  DeleteObjects: 0.568300 ms)

========================================================================
Received Import Request.
  Time since last request: 41.970057 seconds.
  path: Assets/Assets.index
  artifactKey: Guid(4e1ab5ef86d984b4383dcb4d94688713) Importer(815301076,1909f56bfc062723c751e8b465ee728b)
Start importing Assets/Assets.index using Guid(4e1ab5ef86d984b4383dcb4d94688713) Importer(815301076,1909f56bfc062723c751e8b465ee728b)  -> (artifact id: '474b0e2958312920ae1b6ea50572e4d1') in 0.038028 seconds
  Import took 0.040643 seconds .

AssetImportWorkerClient::OnTransportError - code=2 error=End of file
